[28-Jul-2023 00:05:57 Asia/Bangkok] [{"ID":16885,"post_author":"797","post_date":"2023-06-07 17:17:13","post_date_gmt":"2023-06-07 10:17:13","post_content":"","post_title":"","post_excerpt":"","post_status":"publish","comment_status":"closed","ping_status":"closed","post_password":"","post_name":"16885","to_ping":"","pinged":"","post_modified":"2023-06-07 17:17:13","post_modified_gmt":"2023-06-07 10:17:13","post_content_filtered":"","post_parent":0,"guid":"http:\/\/prod.phumelectronic\/user-address\/16885\/","menu_order":0,"post_type":"user-address","post_mime_type":"","comment_count":"0","filter":"raw"}]
[28-Jul-2023 00:05:57 Asia/Bangkok] PHP Notice:  Trying to access array offset on value of type bool in E:\projects\phumelectronic\woo-back-end\wp-content\themes\metro-child\header.php on line 19
[28-Jul-2023 00:05:57 Asia/Bangkok] PHP Notice:  Trying to access array offset on value of type null in E:\projects\phumelectronic\woo-back-end\wp-content\plugins\woo-product-variation-swatches-pro\app\Controllers\SettingsAPI.php on line 490
[28-Jul-2023 00:05:57 Asia/Bangkok] PHP Notice:  Undefined property: WP_Error::$name in E:\projects\phumelectronic\woo-back-end\wp-content\themes\metro-child\functions.php on line 813
[28-Jul-2023 00:05:57 Asia/Bangkok] PHP Notice:  Undefined property: WP_Error::$name in E:\projects\phumelectronic\woo-back-end\wp-content\themes\metro-child\functions.php on line 813
[28-Jul-2023 00:05:57 Asia/Bangkok] PHP Notice:  Undefined property: WP_Error::$name in E:\projects\phumelectronic\woo-back-end\wp-content\themes\metro-child\functions.php on line 813
[28-Jul-2023 00:05:57 Asia/Bangkok] PHP Notice:  Undefined property: WP_Error::$name in E:\projects\phumelectronic\woo-back-end\wp-content\themes\metro-child\functions.php on line 813
[28-Jul-2023 00:05:57 Asia/Bangkok] PHP Notice:  Undefined property: WP_Error::$name in E:\projects\phumelectronic\woo-back-end\wp-content\themes\metro-child\functions.php on line 813
[28-Jul-2023 00:05:57 Asia/Bangkok] PHP Notice:  Undefined property: WP_Error::$name in E:\projects\phumelectronic\woo-back-end\wp-content\themes\metro-child\functions.php on line 813
[28-Jul-2023 00:05:57 Asia/Bangkok] PHP Notice:  Undefined property: WP_Error::$name in E:\projects\phumelectronic\woo-back-end\wp-content\themes\metro-child\functions.php on line 813
[28-Jul-2023 00:05:57 Asia/Bangkok] PHP Notice:  Undefined property: WP_Error::$name in E:\projects\phumelectronic\woo-back-end\wp-content\themes\metro-child\functions.php on line 813
[28-Jul-2023 00:05:57 Asia/Bangkok] PHP Notice:  Undefined property: WP_Error::$name in E:\projects\phumelectronic\woo-back-end\wp-content\themes\metro-child\functions.php on line 813
[28-Jul-2023 00:05:57 Asia/Bangkok] PHP Notice:  Undefined property: WP_Error::$name in E:\projects\phumelectronic\woo-back-end\wp-content\themes\metro-child\functions.php on line 813
[28-Jul-2023 00:05:57 Asia/Bangkok] PHP Notice:  Undefined property: WP_Error::$name in E:\projects\phumelectronic\woo-back-end\wp-content\themes\metro-child\functions.php on line 813
[28-Jul-2023 00:05:57 Asia/Bangkok] PHP Notice:  Undefined property: WP_Error::$name in E:\projects\phumelectronic\woo-back-end\wp-content\themes\metro-child\functions.php on line 813
[28-Jul-2023 00:05:57 Asia/Bangkok] PHP Notice:  Undefined property: WP_Error::$name in E:\projects\phumelectronic\woo-back-end\wp-content\themes\metro-child\functions.php on line 813
[28-Jul-2023 00:05:57 Asia/Bangkok] PHP Notice:  Undefined property: WP_Error::$name in E:\projects\phumelectronic\woo-back-end\wp-content\themes\metro-child\functions.php on line 813
[28-Jul-2023 00:05:57 Asia/Bangkok] PHP Notice:  Undefined property: WP_Error::$name in E:\projects\phumelectronic\woo-back-end\wp-content\themes\metro-child\functions.php on line 813
[28-Jul-2023 00:05:57 Asia/Bangkok] PHP Notice:  Undefined property: WP_Error::$name in E:\projects\phumelectronic\woo-back-end\wp-content\themes\metro-child\functions.php on line 813
[28-Jul-2023 00:05:57 Asia/Bangkok] PHP Notice:  Undefined property: WP_Error::$name in E:\projects\phumelectronic\woo-back-end\wp-content\themes\metro-child\functions.php on line 813
[28-Jul-2023 00:05:57 Asia/Bangkok] PHP Notice:  Undefined property: WP_Error::$name in E:\projects\phumelectronic\woo-back-end\wp-content\themes\metro-child\functions.php on line 813
[28-Jul-2023 00:05:57 Asia/Bangkok] PHP Notice:  Undefined property: WP_Error::$name in E:\projects\phumelectronic\woo-back-end\wp-content\themes\metro-child\functions.php on line 813
[28-Jul-2023 00:05:57 Asia/Bangkok] PHP Notice:  Undefined property: WP_Error::$name in E:\projects\phumelectronic\woo-back-end\wp-content\themes\metro-child\functions.php on line 813
[28-Jul-2023 00:05:57 Asia/Bangkok] PHP Notice:  Undefined property: WP_Error::$name in E:\projects\phumelectronic\woo-back-end\wp-content\themes\metro-child\functions.php on line 813
[28-Jul-2023 00:05:57 Asia/Bangkok] PHP Notice:  Undefined property: WP_Error::$name in E:\projects\phumelectronic\woo-back-end\wp-content\themes\metro-child\functions.php on line 813
[28-Jul-2023 00:05:57 Asia/Bangkok] PHP Notice:  Undefined property: WP_Error::$name in E:\projects\phumelectronic\woo-back-end\wp-content\themes\metro-child\functions.php on line 813
[28-Jul-2023 00:05:57 Asia/Bangkok] PHP Notice:  Undefined property: WP_Error::$name in E:\projects\phumelectronic\woo-back-end\wp-content\themes\metro-child\functions.php on line 813
[28-Jul-2023 00:05:57 Asia/Bangkok] PHP Notice:  Undefined property: WP_Error::$name in E:\projects\phumelectronic\woo-back-end\wp-content\themes\metro-child\functions.php on line 813
[28-Jul-2023 00:05:57 Asia/Bangkok] PHP Notice:  Undefined property: WP_Error::$name in E:\projects\phumelectronic\woo-back-end\wp-content\themes\metro-child\functions.php on line 813
[28-Jul-2023 00:05:57 Asia/Bangkok] PHP Notice:  Undefined variable: sale_prices in E:\projects\phumelectronic\woo-back-end\wp-content\themes\metro-child\functions.php on line 1995
[28-Jul-2023 00:05:57 Asia/Bangkok] PHP Notice:  Undefined variable: sale_prices in E:\projects\phumelectronic\woo-back-end\wp-content\themes\metro-child\functions.php on line 1995
[28-Jul-2023 00:05:57 Asia/Bangkok] PHP Notice:  Undefined variable: sale_prices in E:\projects\phumelectronic\woo-back-end\wp-content\themes\metro\woocommerce\custom\product-block\block-3.php on line 113
[28-Jul-2023 00:05:57 Asia/Bangkok] PHP Notice:  Undefined variable: sale_prices in E:\projects\phumelectronic\woo-back-end\wp-content\themes\metro-child\functions.php on line 1995
[28-Jul-2023 00:05:57 Asia/Bangkok] PHP Notice:  Undefined variable: sale_prices in E:\projects\phumelectronic\woo-back-end\wp-content\themes\metro-child\functions.php on line 1995
[28-Jul-2023 00:05:57 Asia/Bangkok] PHP Notice:  Undefined variable: sale_prices in E:\projects\phumelectronic\woo-back-end\wp-content\themes\metro\woocommerce\custom\product-block\block-3.php on line 113
[28-Jul-2023 00:05:57 Asia/Bangkok] PHP Notice:  Undefined variable: sale_prices in E:\projects\phumelectronic\woo-back-end\wp-content\themes\metro-child\functions.php on line 1995
[28-Jul-2023 00:05:57 Asia/Bangkok] PHP Notice:  Undefined variable: sale_prices in E:\projects\phumelectronic\woo-back-end\wp-content\themes\metro-child\functions.php on line 1995
[28-Jul-2023 00:05:57 Asia/Bangkok] PHP Notice:  Undefined variable: sale_prices in E:\projects\phumelectronic\woo-back-end\wp-content\themes\metro\woocommerce\custom\product-block\block-3.php on line 113
[28-Jul-2023 00:05:57 Asia/Bangkok] PHP Notice:  Undefined variable: sale_prices in E:\projects\phumelectronic\woo-back-end\wp-content\themes\metro-child\functions.php on line 1995
[28-Jul-2023 00:05:57 Asia/Bangkok] PHP Notice:  Undefined variable: sale_prices in E:\projects\phumelectronic\woo-back-end\wp-content\themes\metro-child\functions.php on line 1995
[28-Jul-2023 00:05:57 Asia/Bangkok] PHP Notice:  Undefined variable: sale_prices in E:\projects\phumelectronic\woo-back-end\wp-content\themes\metro\woocommerce\custom\product-block\block-3.php on line 113
[28-Jul-2023 00:01:10 Asia/Bangkok] [{"ID":16885,"post_author":"797","post_date":"2023-06-07 17:17:13","post_date_gmt":"2023-06-07 10:17:13","post_content":"","post_title":"","post_excerpt":"","post_status":"publish","comment_status":"closed","ping_status":"closed","post_password":"","post_name":"16885","to_ping":"","pinged":"","post_modified":"2023-06-07 17:17:13","post_modified_gmt":"2023-06-07 10:17:13","post_content_filtered":"","post_parent":0,"guid":"http:\/\/prod.phumelectronic\/user-address\/16885\/","menu_order":0,"post_type":"user-address","post_mime_type":"","comment_count":"0","filter":"raw"}]
[28-Jul-2023 00:01:10 Asia/Bangkok] PHP Notice:  Trying to access array offset on value of type bool in E:\projects\phumelectronic\woo-back-end\wp-content\themes\metro-child\header.php on line 19
[28-Jul-2023 00:01:11 Asia/Bangkok] PHP Notice:  Trying to access array offset on value of type null in E:\projects\phumelectronic\woo-back-end\wp-content\plugins\woo-product-variation-swatches-pro\app\Controllers\SettingsAPI.php on line 490
[28-Jul-2023 00:01:11 Asia/Bangkok] PHP Notice:  Undefined property: WP_Error::$name in E:\projects\phumelectronic\woo-back-end\wp-content\themes\metro-child\functions.php on line 813
[28-Jul-2023 00:01:11 Asia/Bangkok] PHP Notice:  Undefined property: WP_Error::$name in E:\projects\phumelectronic\woo-back-end\wp-content\themes\metro-child\functions.php on line 813
[28-Jul-2023 00:01:11 Asia/Bangkok] PHP Notice:  Undefined property: WP_Error::$name in E:\projects\phumelectronic\woo-back-end\wp-content\themes\metro-child\functions.php on line 813
[28-Jul-2023 00:01:11 Asia/Bangkok] PHP Notice:  Undefined property: WP_Error::$name in E:\projects\phumelectronic\woo-back-end\wp-content\themes\metro-child\functions.php on line 813
[28-Jul-2023 00:01:11 Asia/Bangkok] PHP Notice:  Undefined property: WP_Error::$name in E:\projects\phumelectronic\woo-back-end\wp-content\themes\metro-child\functions.php on line 813
[28-Jul-2023 00:01:11 Asia/Bangkok] PHP Notice:  Undefined property: WP_Error::$name in E:\projects\phumelectronic\woo-back-end\wp-content\themes\metro-child\functions.php on line 813
[28-Jul-2023 00:01:11 Asia/Bangkok] PHP Notice:  Undefined property: WP_Error::$name in E:\projects\phumelectronic\woo-back-end\wp-content\themes\metro-child\functions.php on line 813
[28-Jul-2023 00:01:11 Asia/Bangkok] PHP Notice:  Undefined property: WP_Error::$name in E:\projects\phumelectronic\woo-back-end\wp-content\themes\metro-child\functions.php on line 813
[28-Jul-2023 00:01:11 Asia/Bangkok] PHP Notice:  Undefined property: WP_Error::$name in E:\projects\phumelectronic\woo-back-end\wp-content\themes\metro-child\functions.php on line 813
[28-Jul-2023 00:01:11 Asia/Bangkok] PHP Notice:  Undefined property: WP_Error::$name in E:\projects\phumelectronic\woo-back-end\wp-content\themes\metro-child\functions.php on line 813
[28-Jul-2023 00:01:11 Asia/Bangkok] PHP Notice:  Undefined property: WP_Error::$name in E:\projects\phumelectronic\woo-back-end\wp-content\themes\metro-child\functions.php on line 813
[28-Jul-2023 00:01:11 Asia/Bangkok] PHP Notice:  Undefined property: WP_Error::$name in E:\projects\phumelectronic\woo-back-end\wp-content\themes\metro-child\functions.php on line 813
[28-Jul-2023 00:01:11 Asia/Bangkok] PHP Notice:  Undefined property: WP_Error::$name in E:\projects\phumelectronic\woo-back-end\wp-content\themes\metro-child\functions.php on line 813
[28-Jul-2023 00:01:11 Asia/Bangkok] PHP Notice:  Undefined property: WP_Error::$name in E:\projects\phumelectronic\woo-back-end\wp-content\themes\metro-child\functions.php on line 813
[28-Jul-2023 00:01:11 Asia/Bangkok] PHP Notice:  Undefined property: WP_Error::$name in E:\projects\phumelectronic\woo-back-end\wp-content\themes\metro-child\functions.php on line 813
[28-Jul-2023 00:01:11 Asia/Bangkok] PHP Notice:  Undefined property: WP_Error::$name in E:\projects\phumelectronic\woo-back-end\wp-content\themes\metro-child\functions.php on line 813
[28-Jul-2023 00:01:11 Asia/Bangkok] PHP Notice:  Undefined property: WP_Error::$name in E:\projects\phumelectronic\woo-back-end\wp-content\themes\metro-child\functions.php on line 813
[28-Jul-2023 00:01:11 Asia/Bangkok] PHP Notice:  Undefined property: WP_Error::$name in E:\projects\phumelectronic\woo-back-end\wp-content\themes\metro-child\functions.php on line 813
[28-Jul-2023 00:01:11 Asia/Bangkok] PHP Notice:  Undefined property: WP_Error::$name in E:\projects\phumelectronic\woo-back-end\wp-content\themes\metro-child\functions.php on line 813
[28-Jul-2023 00:01:11 Asia/Bangkok] PHP Notice:  Undefined property: WP_Error::$name in E:\projects\phumelectronic\woo-back-end\wp-content\themes\metro-child\functions.php on line 813
[28-Jul-2023 00:01:11 Asia/Bangkok] PHP Notice:  Undefined property: WP_Error::$name in E:\projects\phumelectronic\woo-back-end\wp-content\themes\metro-child\functions.php on line 813
[28-Jul-2023 00:01:11 Asia/Bangkok] PHP Notice:  Undefined property: WP_Error::$name in E:\projects\phumelectronic\woo-back-end\wp-content\themes\metro-child\functions.php on line 813
[28-Jul-2023 00:01:11 Asia/Bangkok] PHP Notice:  Undefined property: WP_Error::$name in E:\projects\phumelectronic\woo-back-end\wp-content\themes\metro-child\functions.php on line 813
[28-Jul-2023 00:01:11 Asia/Bangkok] PHP Notice:  Undefined property: WP_Error::$name in E:\projects\phumelectronic\woo-back-end\wp-content\themes\metro-child\functions.php on line 813
[28-Jul-2023 00:01:11 Asia/Bangkok] PHP Notice:  Undefined property: WP_Error::$name in E:\projects\phumelectronic\woo-back-end\wp-content\themes\metro-child\functions.php on line 813
[28-Jul-2023 00:01:11 Asia/Bangkok] PHP Notice:  Undefined property: WP_Error::$name in E:\projects\phumelectronic\woo-back-end\wp-content\themes\metro-child\functions.php on line 813
[28-Jul-2023 00:01:11 Asia/Bangkok] PHP Notice:  Undefined variable: sale_prices in E:\projects\phumelectronic\woo-back-end\wp-content\themes\metro-child\functions.php on line 1995
[28-Jul-2023 00:01:11 Asia/Bangkok] PHP Notice:  Undefined variable: sale_prices in E:\projects\phumelectronic\woo-back-end\wp-content\themes\metro-child\functions.php on line 1995
[28-Jul-2023 00:01:11 Asia/Bangkok] PHP Notice:  Undefined variable: sale_prices in E:\projects\phumelectronic\woo-back-end\wp-content\themes\metro\woocommerce\custom\product-block\block-3.php on line 113
[28-Jul-2023 00:01:11 Asia/Bangkok] PHP Notice:  Undefined variable: sale_prices in E:\projects\phumelectronic\woo-back-end\wp-content\themes\metro-child\functions.php on line 1995
[28-Jul-2023 00:01:11 Asia/Bangkok] PHP Notice:  Undefined variable: sale_prices in E:\projects\phumelectronic\woo-back-end\wp-content\themes\metro-child\functions.php on line 1995
[28-Jul-2023 00:01:11 Asia/Bangkok] PHP Notice:  Undefined variable: sale_prices in E:\projects\phumelectronic\woo-back-end\wp-content\themes\metro\woocommerce\custom\product-block\block-3.php on line 113
[28-Jul-2023 00:01:11 Asia/Bangkok] PHP Notice:  Undefined variable: sale_prices in E:\projects\phumelectronic\woo-back-end\wp-content\themes\metro-child\functions.php on line 1995
[28-Jul-2023 00:01:11 Asia/Bangkok] PHP Notice:  Undefined variable: sale_prices in E:\projects\phumelectronic\woo-back-end\wp-content\themes\metro-child\functions.php on line 1995
[28-Jul-2023 00:01:11 Asia/Bangkok] PHP Notice:  Undefined variable: sale_prices in E:\projects\phumelectronic\woo-back-end\wp-content\themes\metro\woocommerce\custom\product-block\block-3.php on line 113
